<?xml version="1.0" encoding="UTF-8"?>
<!-- Generated by org.testng.reporters.JUnitXMLReporter -->
<testsuite ignored="4" hostname="LAPTOP-BM75QIK9" failures="0" tests="0" time="0.07" errors="0" timestamp="2022-05-05T07:04:11 IST">
  <testcase classname="com.payroll.testcases.LoginTest" name="validateURL" time="0.0">
    <ignored/>
  </testcase> <!-- validateURL -->
  <testcase classname="com.payroll.testcases.LoginTest" name="validateReset" time="0.0">
    <ignored/>
  </testcase> <!-- validateReset -->
  <testcase classname="com.payroll.testcases.LoginTest" name="validateInvalidLogin" time="0.0">
    <ignored/>
  </testcase> <!-- validateInvalidLogin -->
  <testcase classname="com.payroll.testcases.LoginTest" name="loginTestTitle" time="0.0">
    <ignored/>
  </testcase> <!-- loginTestTitle -->
</testsuite>
