<?xml version="1.0" encoding="UTF-8"?>
<testng-results ignored="0" total="4" passed="4" failed="0" skipped="0">
  <reporter-output>
  </reporter-output>
  <suite started-at="2022-05-09T19:36:51 IST" name="Parallel Suite" finished-at="2022-05-09T19:38:20 IST" duration-ms="89112">
    <groups>
      <group name="smoke">
        <method signature="LogoutTest.logoutVerify()[pri:27, instance:com.payroll.testcases.LogoutTest@1e0b4072]" name="logoutVerify" class="com.payroll.testcases.LogoutTest"/>
        <method signature="LogoutTest.logoutVerify()[pri:27, instance:com.payroll.testcases.LogoutTest@117159c0]" name="logoutVerify" class="com.payroll.testcases.LogoutTest"/>
      </group> <!-- smoke -->
    </groups>
    <test started-at="2022-05-09T19:36:51 IST" name="Test 2" finished-at="2022-05-09T19:38:20 IST" duration-ms="88909">
      <class name="com.payroll.testcases.LogoutTest">
        <test-method is-config="true" signature="beforeSuiteLog()[pri:0, instance:com.payroll.testcases.LogoutTest@117159c0]" started-at="2022-05-09T19:36:50 IST" name="beforeSuiteLog" finished-at="2022-05-09T19:36:51 IST" duration-ms="482" status="PASS">
          <reporter-output>
          </reporter-output>
        </test-method> <!-- beforeSuiteLog -->
        <test-method is-config="true" signature="loadConfig()[pri:0, instance:com.payroll.testcases.LogoutTest@117159c0]" started-at="2022-05-09T19:36:51 IST" name="loadConfig" finished-at="2022-05-09T19:36:51 IST" duration-ms="1" status="PASS">
          <reporter-output>
          </reporter-output>
        </test-method> <!-- loadConfig -->
        <test-method is-config="true" signature="launching(java.lang.String)[pri:0, instance:com.payroll.testcases.LogoutTest@117159c0]" started-at="2022-05-09T19:36:51 IST" name="launching" finished-at="2022-05-09T19:37:39 IST" duration-ms="47617" status="PASS">
          <params>
            <param index="0">
              <value>
                <![CDATA[chrome]]>
              </value>
            </param>
          </params>
          <reporter-output>
          </reporter-output>
        </test-method> <!-- launching -->
        <test-method signature="logoutVerify()[pri:27, instance:com.payroll.testcases.LogoutTest@117159c0]" started-at="2022-05-09T19:37:39 IST" name="logoutVerify" finished-at="2022-05-09T19:37:44 IST" duration-ms="5671" status="PASS">
          <reporter-output>
          </reporter-output>
        </test-method> <!-- logoutVerify -->
        <test-method is-config="true" signature="closeBrowser()[pri:0, instance:com.payroll.testcases.LogoutTest@117159c0]" started-at="2022-05-09T19:37:44 IST" name="closeBrowser" finished-at="2022-05-09T19:37:46 IST" duration-ms="2231" status="PASS">
          <reporter-output>
          </reporter-output>
        </test-method> <!-- closeBrowser -->
        <test-method is-config="true" signature="launching(java.lang.String)[pri:0, instance:com.payroll.testcases.LogoutTest@117159c0]" started-at="2022-05-09T19:37:46 IST" name="launching" finished-at="2022-05-09T19:38:12 IST" duration-ms="25673" status="PASS">
          <params>
            <param index="0">
              <value>
                <![CDATA[chrome]]>
              </value>
            </param>
          </params>
          <reporter-output>
          </reporter-output>
        </test-method> <!-- launching -->
        <test-method signature="logoutFullProfileLinkVerify()[pri:28, instance:com.payroll.testcases.LogoutTest@117159c0]" started-at="2022-05-09T19:38:12 IST" name="logoutFullProfileLinkVerify" finished-at="2022-05-09T19:38:19 IST" duration-ms="7133" status="PASS">
          <reporter-output>
          </reporter-output>
        </test-method> <!-- logoutFullProfileLinkVerify -->
        <test-method is-config="true" signature="closeBrowser()[pri:0, instance:com.payroll.testcases.LogoutTest@117159c0]" started-at="2022-05-09T19:38:19 IST" name="closeBrowser" finished-at="2022-05-09T19:38:20 IST" duration-ms="509" status="PASS">
          <reporter-output>
          </reporter-output>
        </test-method> <!-- closeBrowser -->
        <test-method is-config="true" signature="aftersuite()[pri:0, instance:com.payroll.testcases.LogoutTest@117159c0]" started-at="2022-05-09T19:38:20 IST" name="aftersuite" finished-at="2022-05-09T19:38:20 IST" duration-ms="23" status="PASS">
          <reporter-output>
          </reporter-output>
        </test-method> <!-- aftersuite -->
      </class> <!-- com.payroll.testcases.LogoutTest -->
    </test> <!-- Test 2 -->
    <test started-at="2022-05-09T19:36:51 IST" name="Test 1" finished-at="2022-05-09T19:38:20 IST" duration-ms="89112">
      <class name="com.payroll.testcases.LogoutTest">
        <test-method is-config="true" signature="loadConfig()[pri:0, instance:com.payroll.testcases.LogoutTest@1e0b4072]" started-at="2022-05-09T19:36:51 IST" name="loadConfig" finished-at="2022-05-09T19:36:51 IST" duration-ms="2" status="PASS">
          <reporter-output>
          </reporter-output>
        </test-method> <!-- loadConfig -->
        <test-method is-config="true" signature="launching(java.lang.String)[pri:0, instance:com.payroll.testcases.LogoutTest@1e0b4072]" started-at="2022-05-09T19:36:51 IST" name="launching" finished-at="2022-05-09T19:37:39 IST" duration-ms="47617" status="PASS">
          <params>
            <param index="0">
              <value>
                <![CDATA[chrome]]>
              </value>
            </param>
          </params>
          <reporter-output>
          </reporter-output>
        </test-method> <!-- launching -->
        <test-method signature="logoutVerify()[pri:27, instance:com.payroll.testcases.LogoutTest@1e0b4072]" started-at="2022-05-09T19:37:39 IST" name="logoutVerify" finished-at="2022-05-09T19:37:44 IST" duration-ms="5677" status="PASS">
          <reporter-output>
          </reporter-output>
        </test-method> <!-- logoutVerify -->
        <test-method is-config="true" signature="closeBrowser()[pri:0, instance:com.payroll.testcases.LogoutTest@1e0b4072]" started-at="2022-05-09T19:37:44 IST" name="closeBrowser" finished-at="2022-05-09T19:37:46 IST" duration-ms="2225" status="PASS">
          <reporter-output>
          </reporter-output>
        </test-method> <!-- closeBrowser -->
        <test-method is-config="true" signature="launching(java.lang.String)[pri:0, instance:com.payroll.testcases.LogoutTest@1e0b4072]" started-at="2022-05-09T19:37:46 IST" name="launching" finished-at="2022-05-09T19:38:12 IST" duration-ms="25730" status="PASS">
          <params>
            <param index="0">
              <value>
                <![CDATA[chrome]]>
              </value>
            </param>
          </params>
          <reporter-output>
          </reporter-output>
        </test-method> <!-- launching -->
        <test-method signature="logoutFullProfileLinkVerify()[pri:28, instance:com.payroll.testcases.LogoutTest@1e0b4072]" started-at="2022-05-09T19:38:12 IST" name="logoutFullProfileLinkVerify" finished-at="2022-05-09T19:38:19 IST" duration-ms="7079" status="PASS">
          <reporter-output>
          </reporter-output>
        </test-method> <!-- logoutFullProfileLinkVerify -->
        <test-method is-config="true" signature="closeBrowser()[pri:0, instance:com.payroll.testcases.LogoutTest@1e0b4072]" started-at="2022-05-09T19:38:19 IST" name="closeBrowser" finished-at="2022-05-09T19:38:20 IST" duration-ms="699" status="PASS">
          <reporter-output>
          </reporter-output>
        </test-method> <!-- closeBrowser -->
      </class> <!-- com.payroll.testcases.LogoutTest -->
    </test> <!-- Test 1 -->
  </suite> <!-- Parallel Suite -->
</testng-results>
